{
    "timestamp": "2019-07-18 17:29:42",
    "op": "test facesets build",
    "info": {
        "message": "Dup error: name value [office-2] is duplicate",
        "code": 100106,
        "request_id": "072d5f54-45ca-4f29-ab4a-a38b7127592f",
        "data": null
    }
}
{
    "timestamp": "2019-07-18 17:30:01",
    "op": "test facesets build",
    "info": {
        "message": "success",
        "code": 0,
        "request_id": "8bd7c524-6a7e-4856-9ae8-58e9d42749ff",
        "data": {
            "faceset_id": "5d303c19f67f1000085b1f27",
            "name": "office-3",
            "extra": "",
            "description": "test office facesets",
            "created_time": "2019-07-18T17:30:01+08:00",
            "updated_time": "2019-07-18T17:30:01+08:00"
        }
    }
}
{
    "timestamp": "2019-07-18 17:49:55",
    "op": "test facesets build",
    "info": {
        "message": "success",
        "code": 0,
        "request_id": "8d4ef946-a12e-4a3a-8e0a-a07114f6d4a3",
        "data": null
    }
}
