{
    "timestamp": "2019-07-22 15:49:41",
    "op": "test test_pf_line_config ",
    "info": "{\"code\":1002\",\"message\":Authorization failed}"
}
{
    "timestamp": "2019-07-22 15:50:23",
    "op": "test test_pf_line_config ",
    "info": "{\"code\":1002\",\"message\":Authorization failed}"
}
{
    "timestamp": "2019-07-22 15:56:05",
    "op": "test test_pf_line_config ",
    "info": "{\"code\":404\",\"message\":404 page not found}"
}
{
    "timestamp": "2019-07-22 15:58:08",
    "op": "test test_pf_line_config ",
    "info": {
        "message": "User have not permission to do device: Device Not Found ",
        "code": 120003,
        "request_id": "0915eb8d-295a-4bc1-8a3f-941cd1108ee8",
        "data": null
    }
}
