{
    "timestamp": "2019-07-27 15:43:13",
    "op": "test test_fdb_drive_behavior_detect ",
    "info": "{\"code\":404\",\"message\":404 page not found}"
}
{
    "timestamp": "2019-07-27 15:43:13",
    "op": "test test_fdb_drive_behavior_detect ",
    "info": "{\"code\":404\",\"message\":404 page not found}"
}
{
    "timestamp": "2019-07-27 15:43:13",
    "op": "test test_fdb_drive_behavior_detect ",
    "info": "{\"code\":404\",\"message\":404 page not found}"
}
{
    "timestamp": "2019-07-27 15:43:13",
    "op": "test test_fdb_drive_behavior_detect ",
    "info": "{\"code\":404\",\"message\":404 page not found}"
}
{
    "timestamp": "2019-07-27 15:43:13",
    "op": "test test_fdb_drive_behavior_detect ",
    "info": "{\"code\":404\",\"message\":404 page not found}"
}
{
    "timestamp": "2019-07-27 15:43:13",
    "op": "test test_fdb_drive_behavior_detect ",
    "info": "{\"code\":404\",\"message\":404 page not found}"
}
{
    "timestamp": "2019-07-27 15:43:13",
    "op": "test test_fdb_drive_behavior_detect ",
    "info": "{\"code\":404\",\"message\":404 page not found}"
}
{
    "timestamp": "2019-07-27 15:43:13",
    "op": "test test_fdb_drive_behavior_detect ",
    "info": "{\"code\":404\",\"message\":404 page not found}"
}
{
    "timestamp": "2019-07-27 15:43:13",
    "op": "test test_fdb_drive_behavior_detect ",
    "info": "{\"code\":404\",\"message\":404 page not found}"
}
{
    "timestamp": "2019-07-27 15:44:05",
    "op": "test test_fdb_drive_behavior_detect ",
    "info": "{\"code\":404\",\"message\":404 page not found}"
}
{
    "timestamp": "2019-07-27 15:44:06",
    "op": "test test_fdb_drive_behavior_detect ",
    "info": "{\"code\":404\",\"message\":404 page not found}"
}
{
    "timestamp": "2019-07-27 15:44:06",
    "op": "test test_fdb_drive_behavior_detect ",
    "info": "{\"code\":404\",\"message\":404 page not found}"
}
{
    "timestamp": "2019-07-27 15:44:06",
    "op": "test test_fdb_drive_behavior_detect ",
    "info": "{\"code\":404\",\"message\":404 page not found}"
}
{
    "timestamp": "2019-07-27 15:44:06",
    "op": "test test_fdb_drive_behavior_detect ",
    "info": "{\"code\":404\",\"message\":404 page not found}"
}
{
    "timestamp": "2019-07-27 15:44:06",
    "op": "test test_fdb_drive_behavior_detect ",
    "info": "{\"code\":404\",\"message\":404 page not found}"
}
{
    "timestamp": "2019-07-27 15:44:06",
    "op": "test test_fdb_drive_behavior_detect ",
    "info": "{\"code\":404\",\"message\":404 page not found}"
}
{
    "timestamp": "2019-07-27 15:44:06",
    "op": "test test_fdb_drive_behavior_detect ",
    "info": "{\"code\":404\",\"message\":404 page not found}"
}
{
    "timestamp": "2019-07-27 15:44:06",
    "op": "test test_fdb_drive_behavior_detect ",
    "info": "{\"code\":404\",\"message\":404 page not found}"
}
{
    "timestamp": "2019-07-27 15:54:19",
    "op": "test test_fdb_drive_behavior_recognition ",
    "info": "{\"code\":404\",\"message\":404 page not found}"
}
{
    "timestamp": "2019-07-27 15:54:19",
    "op": "test test_fdb_drive_behavior_recognition ",
    "info": "{\"code\":404\",\"message\":404 page not found}"
}
{
    "timestamp": "2019-07-27 15:54:19",
    "op": "test test_fdb_drive_behavior_recognition ",
    "info": "{\"code\":404\",\"message\":404 page not found}"
}
{
    "timestamp": "2019-07-27 15:54:19",
    "op": "test test_fdb_drive_behavior_recognition ",
    "info": "{\"code\":404\",\"message\":404 page not found}"
}
{
    "timestamp": "2019-07-27 15:54:19",
    "op": "test test_fdb_drive_behavior_recognition ",
    "info": "{\"code\":404\",\"message\":404 page not found}"
}
{
    "timestamp": "2019-07-27 15:54:19",
    "op": "test test_fdb_drive_behavior_recognition ",
    "info": "{\"code\":404\",\"message\":404 page not found}"
}
{
    "timestamp": "2019-07-27 15:54:19",
    "op": "test test_fdb_drive_behavior_recognition ",
    "info": "{\"code\":404\",\"message\":404 page not found}"
}
{
    "timestamp": "2019-07-27 15:54:20",
    "op": "test test_fdb_drive_behavior_recognition ",
    "info": "{\"code\":404\",\"message\":404 page not found}"
}
{
    "timestamp": "2019-07-27 15:54:20",
    "op": "test test_fdb_drive_behavior_recognition ",
    "info": "{\"code\":404\",\"message\":404 page not found}"
}
