{
    "timestamp": "2019-07-22 16:38:40",
    "op": "test faceu build",
    "info": {
        "message": "success",
        "code": 0,
        "request_id": "1622cb8a-c593-417e-8919-9140f41b0080",
        "data": {
            "faceset_id": "5d3029a7a21c33000804b8e4",
            "face_id": "5d357610a21c33000804bc48",
            "images": [
                {
                    "url": "https://horizon-ib-test.oss-cn-zhangjiakou.aliyuncs.com/Pictureserver/a21c33f35d2d88ad0dac680b/2019722/a21c33f35d2d88ad0dac680b_H8DxqxCvGtco-1563784720090559834?X-Amz-Algorithm=AWS4-HMAC-SHA256&X-Amz-Credential=LTAIiUHHchQK9Lfy%2F20190722%2Fcn-zhangjiakou%2Fs3%2Faws4_request&X-Amz-Date=20190722T083840Z&X-Amz-Expires=604740&X-Amz-SignedHeaders=host&X-Amz-Signature=beddabe69f5c0709c4f1e80f7e179f1fddda65bdc8a948fff6fc1fa18c54261f",
                    "expired_time": "2019-07-29T16:27:40+08:00"
                }
            ],
            "attributes": {
                "age_group": 4,
                "gender": 1
            },
            "created_time": "2019-07-22T16:38:40+08:00",
            "updated_time": "2019-07-22T16:38:40+08:00"
        }
    }
}
