{
    "timestamp": "2019-07-29 14:56:03",
    "op": "test test_fdb_detect ",
    "info": {
        "message": "success",
        "code": 0,
        "request_id": "29d8bf85-0da1-4417-be7a-9fe3fcdefdc7",
        "data": {
            "face_info": [
                {
                    "face_rect": {
                        "left": 178,
                        "top": 245,
                        "right": 532,
                        "bottom": 684
                    },
                    "keypoint": "275.660706,412.686401,1,432.674133,412.014221,1,350.980560,492.482544,1,293.643585,569.559387,1,413.948578,568.748047,1",
                    "quality": 0.9972481,
                    "pose": "-5.375778,-2.078644,0.254440",
                    "age_group": 3,
                    "age_score": 0.8724377,
                    "gender": "male",
                    "gender_score": 0.99999905,
                    "feature": "-0.064332,-0.032844,-0.022986,-0.026405,-0.052328,0.051450,0.041723,-0.026868,-0.017412,0.022888,0.077747,0.047832,-0.152340,-0.108365,0.051224,-0.080228,-0.068279,-0.006440,-0.051232,0.008913,0.031294,0.072814,-0.089294,0.026365,-0.052673,0.109564,0.057872,-0.047932,0.000872,-0.055938,0.054735,-0.013856,-0.002099,0.018992,-0.018341,-0.060647,-0.054998,0.003284,0.026274,0.090976,0.124328,-0.071433,0.072524,0.006260,-0.093178,0.123036,-0.006013,0.069874,0.039621,-0.021394,0.247586,-0.122293,-0.024550,0.059816,0.092317,-0.041914,-0.024018,0.061899,-0.093802,0.090670,0.027401,-0.204315,0.056056,0.045746,0.065659,0.006746,0.066991,-0.071248,0.067216,-0.015202,-0.047276,-0.132147,-0.110426,-0.072454,-0.007517,0.032151,-0.065813,-0.021372,-0.054932,-0.080182,0.024882,-0.046606,-0.049531,-0.056355,-0.065365,-0.032585,0.072158,-0.055358,0.055977,0.084436,-0.009687,0.100612,0.034737,-0.034946,-0.036412,0.044797,-0.003426,0.156465,0.048703,-0.059147,-0.025479,0.134471,0.060451,0.058797,0.017201,0.033425,0.009092,0.039904,-0.011673,0.038474,-0.069734,0.016889,-0.035349,0.034155,0.096423,-0.072995,-0.008293,-0.037269,-0.062734,-0.017834,-0.006584,-0.035111,-0.053054,0.142109,0.034822,0.040941,0.068207,-0.042491,0.044199,-0.090766,0.063133,-0.054980,0.051935,0.014223,0.037226,-0.049453,-0.047126,0.036355,0.067649,0.050079,-0.105898,0.005726,0.166086,-0.066045,0.026414,-0.038540,0.044390,0.012519,0.017414,-0.103895,0.008010,0.082845,-0.048075,0.054381,-0.000550,0.056005,-0.085494,-0.006268,-0.014660,-0.050805,0.106499,0.013922,0.003120,-0.065290,-0.016033,-0.057856,0.029233,0.080233,-0.019733,-0.049641,-0.058886,-0.065132,0.011987,0.037955,-0.096552,0.013798,-0.032327,0.092559,-0.048309,-0.006886,0.052017,0.036666,0.052855,0.009832,-0.045784,-0.026037,-0.076460,-0.044007,0.061934,-0.072782,-0.031381,0.056246,0.064654,0.073745,0.058406,-0.043843,0.056064,0.031877,-0.045715,-0.010882,-0.092062,-0.032215,0.048757,-0.047591,0.029969,0.062953,0.019736,-0.046904,-0.093068,-0.045170,0.123684,0.026532,-0.040806,0.117568,-0.072722,-0.005877,-0.028342,-0.087327,-0.087988,0.093946,-0.011982,0.014284,-0.055112,-0.058495,0.085928,0.023463,-0.011868,-0.030175,-0.064749,0.070350,-0.047223,-0.014110,0.051410,0.044531,0.028209,-0.055496,-0.003942,0.023225,-0.050526,-0.054283,0.011069,-0.095936,0.112244,-0.005073,-0.030936,-0.001815,0.035951,0.058705,0.062716,-0.020843,-0.021003,0.038556,0.020755,0.040323,-0.040121,-0.063008"
                }
            ],
            "distance_threshold": {
                "1e-3": 1.0311,
                "1e-4": 0.9277,
                "1e-5": 0.8432,
                "1e-6": 0.7664
            }
        }
    }
}
{
    "timestamp": "2019-09-20 16:05:13",
    "op": "test test_fdb_detect ",
    "info": {
        "message": "success",
        "code": 0,
        "request_id": "c1f68cd6-9c6c-4c35-bcab-983156634ab6",
        "data": {
            "face_info": [
                {
                    "face_rect": {
                        "left": 178,
                        "top": 245,
                        "right": 532,
                        "bottom": 684
                    },
                    "keypoint": "275.902527,415.692535,1,437.905060,414.751312,1,354.231445,500.527527,1,290.520569,578.296997,1,422.442017,576.377502,1",
                    "quality": 0.95799196,
                    "quality_info": {
                        "occlusion": 0,
                        "brightness": 0,
                        "blur": 0.076606
                    },
                    "pose": "-5.375778,-2.078644,0.254440",
                    "age": 3,
                    "age_score": 0.873938,
                    "gender": "male",
                    "gender_score": 0.99999917,
                    "feature": "-0.035383,-0.197285,-0.023418,-0.018289,-0.082636,-0.036622,0.054609,-0.074494,0.042380,0.062809,0.050906,-0.002409,0.013749,-0.056253,0.062898,0.000741,-0.040797,-0.166671,-0.063595,-0.032778,0.029442,-0.082632,-0.021648,0.053850,-0.127477,0.000508,-0.048745,0.085212,-0.040703,0.031766,-0.042105,-0.064286,-0.050528,-0.035781,0.047359,-0.024747,0.003426,-0.033044,0.109883,-0.033540,0.033987,-0.070583,-0.117414,-0.082996,0.000686,0.056744,0.061142,-0.021409,-0.047498,0.092892,0.089050,-0.035233,0.039620,-0.033156,-0.119060,0.039739,0.057426,0.011974,-0.056171,0.010559,0.128465,0.002436,0.096931,-0.039057,-0.006620,-0.084289,0.021946,-0.015412,-0.053819,0.060596,0.044574,-0.034323,0.049235,-0.112534,0.007698,0.014687,-0.025625,0.066531,-0.023284,-0.060756,-0.042659,-0.007585,-0.002736,-0.009348,0.170594,0.152207,-0.038805,-0.043745,0.053536,0.083999,0.076620,0.111325,-0.032457,-0.088312,-0.027939,-0.048518,-0.028335,-0.038403,0.024485,-0.006756,0.159945,-0.048295,-0.045029,0.001310,0.064260,0.017175,-0.075585,-0.030927,-0.020383,0.058658,0.019378,0.010142,0.067794,0.052854,-0.044861,-0.067902,0.075443,-0.017881,0.032905,0.049378,-0.027919,0.090134,0.196650,-0.016573,-0.028902,-0.155600,0.045957,-0.014809,0.015917,-0.079331,-0.005806,-0.028397,0.049051,-0.057476,0.082375,0.005285,-0.053131,0.001133,-0.076058,0.027982,0.070231,0.118880,0.043604,-0.059723,0.038013,-0.048837,-0.009270,0.093775,-0.006194,0.072091,0.032263,-0.001828,-0.041560,0.107699,-0.029274,0.124989,-0.047561,0.064235,0.020254,-0.112130,-0.072804,-0.010629,-0.058415,-0.027516,-0.034715,-0.123648,0.021403,0.017462,0.013902,0.044361,0.080394,0.033855,0.001512,0.036554,-0.070640,-0.025469,-0.008037,-0.099114,-0.003037,0.090663,0.032306,0.043019,0.038339,-0.024393,-0.056463,-0.040803,0.006818,0.082809,-0.059693,0.100151,0.054769,0.056455,-0.035952,-0.040409,0.027080,-0.031028,-0.010859,-0.010359,0.150424,-0.037564,0.057892,-0.019830,-0.112078,0.000267,0.007095,0.106499,0.005767,0.035388,0.043831,0.012021,-0.001245,0.081222,-0.136683,-0.006691,-0.023974,0.005777,-0.003986,-0.062978,-0.044710,0.016027,-0.019771,-0.081011,-0.040072,-0.096692,-0.095546,-0.036376,0.015465,0.052774,0.030000,0.114490,0.004501,-0.049151,-0.051594,0.064231,0.036444,0.059686,0.049908,-0.090234,0.006536,-0.055271,-0.025637,-0.039928,0.013358,0.080142,0.022904,0.002663,0.056327,0.090381,-0.030078,0.084992,-0.023584,-0.053539,0.024987,0.032805,0.002710,-0.109352"
                }
            ],
            "distance_threshold": {
                "1e-3": 1.5037,
                "1e-4": 1.3884,
                "1e-5": 1.2786,
                "1e-6": 1.162
            }
        }
    }
}
{
    "timestamp": "2019-09-20 16:09:54",
    "op": "test test_fdb_detect ",
    "info": {
        "message": "success",
        "code": 0,
        "request_id": "d9341093-0495-4d56-9b20-f3ea87391680",
        "data": {
            "face_info": [
                {
                    "face_rect": {
                        "left": 178,
                        "top": 245,
                        "right": 532,
                        "bottom": 684
                    },
                    "keypoint": "275.902527,415.692535,1,437.905060,414.751312,1,354.231445,500.527527,1,290.520569,578.296997,1,422.442017,576.377502,1",
                    "quality": 0.95799196,
                    "quality_info": {
                        "occlusion": 0,
                        "brightness": 0,
                        "blur": 0.076606
                    },
                    "pose": "-5.375778,-2.078644,0.254440",
                    "age": 3,
                    "age_score": 0.873938,
                    "gender": "male",
                    "gender_score": 0.99999917,
                    "feature": "-0.035383,-0.197285,-0.023418,-0.018289,-0.082636,-0.036622,0.054609,-0.074494,0.042380,0.062809,0.050906,-0.002409,0.013749,-0.056253,0.062898,0.000741,-0.040797,-0.166671,-0.063595,-0.032778,0.029442,-0.082632,-0.021648,0.053850,-0.127477,0.000508,-0.048745,0.085212,-0.040703,0.031766,-0.042105,-0.064286,-0.050528,-0.035781,0.047359,-0.024747,0.003426,-0.033044,0.109883,-0.033540,0.033987,-0.070583,-0.117414,-0.082996,0.000686,0.056744,0.061142,-0.021409,-0.047498,0.092892,0.089050,-0.035233,0.039620,-0.033156,-0.119060,0.039739,0.057426,0.011974,-0.056171,0.010559,0.128465,0.002436,0.096931,-0.039057,-0.006620,-0.084289,0.021946,-0.015412,-0.053819,0.060596,0.044574,-0.034323,0.049235,-0.112534,0.007698,0.014687,-0.025625,0.066531,-0.023284,-0.060756,-0.042659,-0.007585,-0.002736,-0.009348,0.170594,0.152207,-0.038805,-0.043745,0.053536,0.083999,0.076620,0.111325,-0.032457,-0.088312,-0.027939,-0.048518,-0.028335,-0.038403,0.024485,-0.006756,0.159945,-0.048295,-0.045029,0.001310,0.064260,0.017175,-0.075585,-0.030927,-0.020383,0.058658,0.019378,0.010142,0.067794,0.052854,-0.044861,-0.067902,0.075443,-0.017881,0.032905,0.049378,-0.027919,0.090134,0.196650,-0.016573,-0.028902,-0.155600,0.045957,-0.014809,0.015917,-0.079331,-0.005806,-0.028397,0.049051,-0.057476,0.082375,0.005285,-0.053131,0.001133,-0.076058,0.027982,0.070231,0.118880,0.043604,-0.059723,0.038013,-0.048837,-0.009270,0.093775,-0.006194,0.072091,0.032263,-0.001828,-0.041560,0.107699,-0.029274,0.124989,-0.047561,0.064235,0.020254,-0.112130,-0.072804,-0.010629,-0.058415,-0.027516,-0.034715,-0.123648,0.021403,0.017462,0.013902,0.044361,0.080394,0.033855,0.001512,0.036554,-0.070640,-0.025469,-0.008037,-0.099114,-0.003037,0.090663,0.032306,0.043019,0.038339,-0.024393,-0.056463,-0.040803,0.006818,0.082809,-0.059693,0.100151,0.054769,0.056455,-0.035952,-0.040409,0.027080,-0.031028,-0.010859,-0.010359,0.150424,-0.037564,0.057892,-0.019830,-0.112078,0.000267,0.007095,0.106499,0.005767,0.035388,0.043831,0.012021,-0.001245,0.081222,-0.136683,-0.006691,-0.023974,0.005777,-0.003986,-0.062978,-0.044710,0.016027,-0.019771,-0.081011,-0.040072,-0.096692,-0.095546,-0.036376,0.015465,0.052774,0.030000,0.114490,0.004501,-0.049151,-0.051594,0.064231,0.036444,0.059686,0.049908,-0.090234,0.006536,-0.055271,-0.025637,-0.039928,0.013358,0.080142,0.022904,0.002663,0.056327,0.090381,-0.030078,0.084992,-0.023584,-0.053539,0.024987,0.032805,0.002710,-0.109352"
                }
            ],
            "distance_threshold": {
                "1e-3": 1.5037,
                "1e-4": 1.3884,
                "1e-5": 1.2786,
                "1e-6": 1.162
            }
        }
    }
}
{
    "timestamp": "2019-09-21 10:14:27",
    "op": "test test_fdb_detect ",
    "info": {
        "message": "success",
        "code": 0,
        "request_id": "ebc8353c-7a3d-4c4b-a8c7-6d70b2fa36ec",
        "data": {
            "face_info": [
                {
                    "face_rect": {
                        "left": 178,
                        "top": 245,
                        "right": 532,
                        "bottom": 684
                    },
                    "keypoint": "275.902527,415.692535,1,437.905060,414.751312,1,354.231445,500.527527,1,290.520569,578.296997,1,422.442017,576.377502,1",
                    "quality": 0.95799196,
                    "quality_info": {
                        "occlusion": 0,
                        "brightness": 0,
                        "blur": 0.076606
                    },
                    "pose": "-5.375778,-2.078644,0.254440",
                    "age": 3,
                    "age_score": 0.873938,
                    "gender": "male",
                    "gender_score": 0.99999917,
                    "feature": "-0.035383,-0.197285,-0.023418,-0.018289,-0.082636,-0.036622,0.054609,-0.074494,0.042380,0.062809,0.050906,-0.002409,0.013749,-0.056253,0.062898,0.000741,-0.040797,-0.166671,-0.063595,-0.032778,0.029442,-0.082632,-0.021648,0.053850,-0.127477,0.000508,-0.048745,0.085212,-0.040703,0.031766,-0.042105,-0.064286,-0.050528,-0.035781,0.047359,-0.024747,0.003426,-0.033044,0.109883,-0.033540,0.033987,-0.070583,-0.117414,-0.082996,0.000686,0.056744,0.061142,-0.021409,-0.047498,0.092892,0.089050,-0.035233,0.039620,-0.033156,-0.119060,0.039739,0.057426,0.011974,-0.056171,0.010559,0.128465,0.002436,0.096931,-0.039057,-0.006620,-0.084289,0.021946,-0.015412,-0.053819,0.060596,0.044574,-0.034323,0.049235,-0.112534,0.007698,0.014687,-0.025625,0.066531,-0.023284,-0.060756,-0.042659,-0.007585,-0.002736,-0.009348,0.170594,0.152207,-0.038805,-0.043745,0.053536,0.083999,0.076620,0.111325,-0.032457,-0.088312,-0.027939,-0.048518,-0.028335,-0.038403,0.024485,-0.006756,0.159945,-0.048295,-0.045029,0.001310,0.064260,0.017175,-0.075585,-0.030927,-0.020383,0.058658,0.019378,0.010142,0.067794,0.052854,-0.044861,-0.067902,0.075443,-0.017881,0.032905,0.049378,-0.027919,0.090134,0.196650,-0.016573,-0.028902,-0.155600,0.045957,-0.014809,0.015917,-0.079331,-0.005806,-0.028397,0.049051,-0.057476,0.082375,0.005285,-0.053131,0.001133,-0.076058,0.027982,0.070231,0.118880,0.043604,-0.059723,0.038013,-0.048837,-0.009270,0.093775,-0.006194,0.072091,0.032263,-0.001828,-0.041560,0.107699,-0.029274,0.124989,-0.047561,0.064235,0.020254,-0.112130,-0.072804,-0.010629,-0.058415,-0.027516,-0.034715,-0.123648,0.021403,0.017462,0.013902,0.044361,0.080394,0.033855,0.001512,0.036554,-0.070640,-0.025469,-0.008037,-0.099114,-0.003037,0.090663,0.032306,0.043019,0.038339,-0.024393,-0.056463,-0.040803,0.006818,0.082809,-0.059693,0.100151,0.054769,0.056455,-0.035952,-0.040409,0.027080,-0.031028,-0.010859,-0.010359,0.150424,-0.037564,0.057892,-0.019830,-0.112078,0.000267,0.007095,0.106499,0.005767,0.035388,0.043831,0.012021,-0.001245,0.081222,-0.136683,-0.006691,-0.023974,0.005777,-0.003986,-0.062978,-0.044710,0.016027,-0.019771,-0.081011,-0.040072,-0.096692,-0.095546,-0.036376,0.015465,0.052774,0.030000,0.114490,0.004501,-0.049151,-0.051594,0.064231,0.036444,0.059686,0.049908,-0.090234,0.006536,-0.055271,-0.025637,-0.039928,0.013358,0.080142,0.022904,0.002663,0.056327,0.090381,-0.030078,0.084992,-0.023584,-0.053539,0.024987,0.032805,0.002710,-0.109352"
                }
            ],
            "distance_threshold": {
                "1e-3": 1.5037,
                "1e-4": 1.3884,
                "1e-5": 1.2786,
                "1e-6": 1.162
            }
        }
    }
}
