{
    "timestamp": "2019-07-21 15:45:28",
    "op": "test space list",
    "info": {
        "message": "User have not permission to do device: Device Not Found ",
        "code": 120003,
        "request_id": "84838320-a160-4196-a3fd-5665fb08be41",
        "data": null
    }
}
{
    "timestamp": "2019-07-21 15:58:52",
    "op": "test get_func_name ",
    "info": "{\"code\":1001\",\"message\":Invalid authorization query: authorization query invalid}"
}
{
    "timestamp": "2019-07-21 15:59:11",
    "op": "test get_func_name ",
    "info": "{\"code\":130701\",\"message\":Query service 7 failed: Device Not Found}"
}
{
    "timestamp": "2019-07-21 16:06:19",
    "op": "test test_pf_line_search ",
    "info": "{\"code\":130701\",\"message\":Query service 7 failed: Device Not Found}"
}
{
    "timestamp": "2019-07-21 16:07:02",
    "op": "test test_pf_line_switch ",
    "info": {
        "message": "User have not permission to do device: Device Not Found ",
        "code": 120003,
        "request_id": "e5eed064-a051-48ca-8c5c-e9539306ca44",
        "data": null
    }
}
{
    "timestamp": "2019-07-21 16:07:55",
    "op": "test test_pf_line_switch ",
    "info": {
        "message": "User have not permission to do device: Device Not Found ",
        "code": 120003,
        "request_id": "0dcca445-f6da-465a-a8fb-6806876d9f6f",
        "data": null
    }
}
{
    "timestamp": "2019-07-21 16:08:55",
    "op": "test test_pf_line_switch ",
    "info": {
        "message": "User have not permission to do device: Device Not Found ",
        "code": 120003,
        "request_id": "87c69ad0-3077-4781-a884-edd626ed5e43",
        "data": null
    }
}
{
    "timestamp": "2019-07-21 16:09:12",
    "op": "test test_pf_line_switch ",
    "info": {
        "message": "User have not permission to do device: Device Not Found ",
        "code": 120003,
        "request_id": "00e3d91a-9e03-4aff-a6f0-1cf0d00e4c16",
        "data": null
    }
}
{
    "timestamp": "2019-07-21 16:09:12",
    "op": "test test_pf_line_delete ",
    "info": "{\"code\":404\",\"message\":404 page not found}"
}
{
    "timestamp": "2019-07-21 16:09:28",
    "op": "test test_pf_line_switch ",
    "info": {
        "message": "User have not permission to do device: Device Not Found ",
        "code": 120003,
        "request_id": "b94c28b5-c0d6-4a07-8f46-342c22b5261b",
        "data": null
    }
}
{
    "timestamp": "2019-07-21 16:09:28",
    "op": "test test_pf_line_delete ",
    "info": {
        "message": "User have not permission to do device: Device Not Found ",
        "code": 120003,
        "request_id": "626910dd-375f-44c0-88c7-09422585f2a7",
        "data": null
    }
}
